<?xml version="1.0" encoding="UTF-8"?>
<robot generator="Robot 6.0.1 (Python 3.11.1 on win32)" generated="20240717 21:01:30.129" rpa="false" schemaversion="3">
<suite id="s1" name="Create-Account" source="D:\MyPractice\simple-testcase\automate\tests\create-account.robot">
<test id="s1-t1" name="CREATE_ACCOUNT_01: User create account with valid data should success" line="28">
<kw name="Open Browser" library="SeleniumLibrary" type="SETUP">
<arg>${URL}</arg>
<arg>chrome</arg>
<doc>Opens a new browser instance to the optional ``url``.</doc>
<msg timestamp="20240717 21:01:30.534" level="INFO">Opening browser 'chrome' to base url 'D:MyPractice\simple-testcase\create-account.html'.</msg>
<status status="PASS" starttime="20240717 21:01:30.533" endtime="20240717 21:01:32.068"/>
</kw>
<kw name="Fill data to form and click button &quot;Create Account&quot;">
<arg>tangmo1</arg>
<arg>water</arg>
<arg>melon</arg>
<arg>12345678</arg>
<arg>12345678</arg>
<kw name="Input Text" library="SeleniumLibrary">
<arg>${INPUT USERNAME}</arg>
<arg>${USERNAME}</arg>
<doc>Types the given ``text`` into the text field identified by ``locator``.</doc>
<msg timestamp="20240717 21:01:32.074" level="INFO">Typing text 'tangmo1' into text field 'xpath://*[@id="username"]'.</msg>
<status status="PASS" starttime="20240717 21:01:32.073" endtime="20240717 21:01:32.241"/>
</kw>
<kw name="Input Text" library="SeleniumLibrary">
<arg>${INPUT FIRSTNAME}</arg>
<arg>${FIRST NAME}</arg>
<doc>Types the given ``text`` into the text field identified by ``locator``.</doc>
<msg timestamp="20240717 21:01:32.242" level="INFO">Typing text 'water' into text field 'xpath://*[@id="firstname"]'.</msg>
<status status="PASS" starttime="20240717 21:01:32.241" endtime="20240717 21:01:32.350"/>
</kw>
<kw name="Input Text" library="SeleniumLibrary">
<arg>${INPUT LASTNAME}</arg>
<arg>${LAST NAME}</arg>
<doc>Types the given ``text`` into the text field identified by ``locator``.</doc>
<msg timestamp="20240717 21:01:32.351" level="INFO">Typing text 'melon' into text field 'xpath://*[@id="lastname"]'.</msg>
<status status="PASS" starttime="20240717 21:01:32.350" endtime="20240717 21:01:32.461"/>
</kw>
<kw name="Input Password" library="SeleniumLibrary">
<arg>${INPUT PASSWORD}</arg>
<arg>${PASSWORD}</arg>
<doc>Types the given password into the text field identified by ``locator``.</doc>
<msg timestamp="20240717 21:01:32.462" level="INFO">Typing password into text field 'xpath://*[@id="password"]'.</msg>
<msg timestamp="20240717 21:01:32.516" level="INFO">Temporally setting log level to: NONE</msg>
<msg timestamp="20240717 21:01:32.593" level="INFO">Log level changed from NONE to INFO.</msg>
<status status="PASS" starttime="20240717 21:01:32.461" endtime="20240717 21:01:32.593"/>
</kw>
<kw name="Input Password" library="SeleniumLibrary">
<arg>${INPUT CONFIRM PASSWORD}</arg>
<arg>${CONFIRM PASSWORD}</arg>
<doc>Types the given password into the text field identified by ``locator``.</doc>
<msg timestamp="20240717 21:01:32.594" level="INFO">Typing password into text field 'xpath://*[@id="confirmPassword"]'.</msg>
<msg timestamp="20240717 21:01:32.650" level="INFO">Temporally setting log level to: NONE</msg>
<msg timestamp="20240717 21:01:32.744" level="INFO">Log level changed from NONE to INFO.</msg>
<status status="PASS" starttime="20240717 21:01:32.593" endtime="20240717 21:01:32.744"/>
</kw>
<kw name="Press Keys" library="SeleniumLibrary">
<arg>${CREATE ACCOUNT BTN}</arg>
<arg>Return</arg>
<doc>Simulates the user pressing key(s) to an element or on the active browser.</doc>
<msg timestamp="20240717 21:01:32.746" level="INFO">Sending key(s) ('Return',) to xpath://*[@id="create-account-form"]/input element.</msg>
<msg timestamp="20240717 21:01:33.099" level="INFO">Sending keys Return</msg>
<status status="PASS" starttime="20240717 21:01:32.745" endtime="20240717 21:01:33.118"/>
</kw>
<status status="PASS" starttime="20240717 21:01:32.072" endtime="20240717 21:01:33.118"/>
</kw>
<kw name="Element Should Be Visible" library="SeleniumLibrary">
<arg>${SUCCESS TOAST MSG}</arg>
<doc>Verifies that the element identified by ``locator`` is visible.</doc>
<msg timestamp="20240717 21:01:33.155" level="INFO">Element 'xpath://*[@id="toast"]/div[contains(text(), 'สร้างบัญชีสำเร็จ')]' is displayed.</msg>
<status status="PASS" starttime="20240717 21:01:33.119" endtime="20240717 21:01:33.155"/>
</kw>
<kw name="Close Browser" library="SeleniumLibrary" type="TEARDOWN">
<doc>Closes the current browser.</doc>
<status status="PASS" starttime="20240717 21:01:33.156" endtime="20240717 21:01:35.322"/>
</kw>
<status status="PASS" starttime="20240717 21:01:30.532" endtime="20240717 21:01:35.324"/>
</test>
<test id="s1-t2" name="CREATE_ACCOUNT_02: &quot;User create account with blank username should failed" line="32">
<kw name="Open Browser" library="SeleniumLibrary" type="SETUP">
<arg>${URL}</arg>
<arg>chrome</arg>
<doc>Opens a new browser instance to the optional ``url``.</doc>
<msg timestamp="20240717 21:01:35.328" level="INFO">Opening browser 'chrome' to base url 'D:MyPractice\simple-testcase\create-account.html'.</msg>
<status status="PASS" starttime="20240717 21:01:35.327" endtime="20240717 21:01:36.903"/>
</kw>
<kw name="Fill data to form and click button &quot;Create Account&quot;">
<arg>${EMPTY}</arg>
<arg>somoh</arg>
<arg>sour</arg>
<arg>12345678</arg>
<arg>12345678</arg>
<kw name="Input Text" library="SeleniumLibrary">
<arg>${INPUT USERNAME}</arg>
<arg>${USERNAME}</arg>
<doc>Types the given ``text`` into the text field identified by ``locator``.</doc>
<msg timestamp="20240717 21:01:36.906" level="INFO">Typing text '' into text field 'xpath://*[@id="username"]'.</msg>
<status status="PASS" starttime="20240717 21:01:36.905" endtime="20240717 21:01:37.045"/>
</kw>
<kw name="Input Text" library="SeleniumLibrary">
<arg>${INPUT FIRSTNAME}</arg>
<arg>${FIRST NAME}</arg>
<doc>Types the given ``text`` into the text field identified by ``locator``.</doc>
<msg timestamp="20240717 21:01:37.046" level="INFO">Typing text 'somoh' into text field 'xpath://*[@id="firstname"]'.</msg>
<status status="PASS" starttime="20240717 21:01:37.046" endtime="20240717 21:01:37.159"/>
</kw>
<kw name="Input Text" library="SeleniumLibrary">
<arg>${INPUT LASTNAME}</arg>
<arg>${LAST NAME}</arg>
<doc>Types the given ``text`` into the text field identified by ``locator``.</doc>
<msg timestamp="20240717 21:01:37.160" level="INFO">Typing text 'sour' into text field 'xpath://*[@id="lastname"]'.</msg>
<status status="PASS" starttime="20240717 21:01:37.159" endtime="20240717 21:01:37.268"/>
</kw>
<kw name="Input Password" library="SeleniumLibrary">
<arg>${INPUT PASSWORD}</arg>
<arg>${PASSWORD}</arg>
<doc>Types the given password into the text field identified by ``locator``.</doc>
<msg timestamp="20240717 21:01:37.269" level="INFO">Typing password into text field 'xpath://*[@id="password"]'.</msg>
<msg timestamp="20240717 21:01:37.323" level="INFO">Temporally setting log level to: NONE</msg>
<msg timestamp="20240717 21:01:37.396" level="INFO">Log level changed from NONE to INFO.</msg>
<status status="PASS" starttime="20240717 21:01:37.269" endtime="20240717 21:01:37.396"/>
</kw>
<kw name="Input Password" library="SeleniumLibrary">
<arg>${INPUT CONFIRM PASSWORD}</arg>
<arg>${CONFIRM PASSWORD}</arg>
<doc>Types the given password into the text field identified by ``locator``.</doc>
<msg timestamp="20240717 21:01:37.397" level="INFO">Typing password into text field 'xpath://*[@id="confirmPassword"]'.</msg>
<msg timestamp="20240717 21:01:37.451" level="INFO">Temporally setting log level to: NONE</msg>
<msg timestamp="20240717 21:01:37.523" level="INFO">Log level changed from NONE to INFO.</msg>
<status status="PASS" starttime="20240717 21:01:37.396" endtime="20240717 21:01:37.523"/>
</kw>
<kw name="Press Keys" library="SeleniumLibrary">
<arg>${CREATE ACCOUNT BTN}</arg>
<arg>Return</arg>
<doc>Simulates the user pressing key(s) to an element or on the active browser.</doc>
<msg timestamp="20240717 21:01:37.524" level="INFO">Sending key(s) ('Return',) to xpath://*[@id="create-account-form"]/input element.</msg>
<msg timestamp="20240717 21:01:37.885" level="INFO">Sending keys Return</msg>
<status status="PASS" starttime="20240717 21:01:37.523" endtime="20240717 21:01:37.918"/>
</kw>
<status status="PASS" starttime="20240717 21:01:36.904" endtime="20240717 21:01:37.918"/>
</kw>
<kw name="Element Should Be Visible" library="SeleniumLibrary">
<arg>${EMPTY USERNAME MSG}</arg>
<doc>Verifies that the element identified by ``locator`` is visible.</doc>
<msg timestamp="20240717 21:01:37.964" level="INFO">Element 'xpath://*[@id="create-account-form"]/div[1]/div[contains(text(), 'กรุณากรอกชื่อผู้ใช้')]' is displayed.</msg>
<status status="PASS" starttime="20240717 21:01:37.919" endtime="20240717 21:01:37.964"/>
</kw>
<kw name="Element Should Be Visible" library="SeleniumLibrary">
<arg>${FAILED TOAST MSG}</arg>
<doc>Verifies that the element identified by ``locator`` is visible.</doc>
<msg timestamp="20240717 21:01:37.998" level="INFO">Element 'xpath://*[@id="toast"]/div[contains(text(), 'ไม่สามารถสร้างบัญชีได้ กรุณากรอกข้อมูลให้ถูกต้อง')]' is displayed.</msg>
<status status="PASS" starttime="20240717 21:01:37.965" endtime="20240717 21:01:37.998"/>
</kw>
<kw name="Close Browser" library="SeleniumLibrary" type="TEARDOWN">
<doc>Closes the current browser.</doc>
<status status="PASS" starttime="20240717 21:01:37.999" endtime="20240717 21:01:40.158"/>
</kw>
<status status="PASS" starttime="20240717 21:01:35.326" endtime="20240717 21:01:40.160"/>
</test>
<test id="s1-t3" name="CREATE_ACCOUNT_03: User create account with blank first name should failed" line="37">
<kw name="Open Browser" library="SeleniumLibrary" type="SETUP">
<arg>${URL}</arg>
<arg>chrome</arg>
<doc>Opens a new browser instance to the optional ``url``.</doc>
<msg timestamp="20240717 21:01:40.168" level="INFO">Opening browser 'chrome' to base url 'D:MyPractice\simple-testcase\create-account.html'.</msg>
<status status="PASS" starttime="20240717 21:01:40.166" endtime="20240717 21:01:41.877"/>
</kw>
<kw name="Fill data to form and click button &quot;Create Account&quot;">
<arg>lumyai1</arg>
<arg>${EMPTY}</arg>
<arg>sweet</arg>
<arg>12345678</arg>
<arg>12345678</arg>
<kw name="Input Text" library="SeleniumLibrary">
<arg>${INPUT USERNAME}</arg>
<arg>${USERNAME}</arg>
<doc>Types the given ``text`` into the text field identified by ``locator``.</doc>
<msg timestamp="20240717 21:01:41.881" level="INFO">Typing text 'lumyai1' into text field 'xpath://*[@id="username"]'.</msg>
<status status="PASS" starttime="20240717 21:01:41.880" endtime="20240717 21:01:42.029"/>
</kw>
<kw name="Input Text" library="SeleniumLibrary">
<arg>${INPUT FIRSTNAME}</arg>
<arg>${FIRST NAME}</arg>
<doc>Types the given ``text`` into the text field identified by ``locator``.</doc>
<msg timestamp="20240717 21:01:42.030" level="INFO">Typing text '' into text field 'xpath://*[@id="firstname"]'.</msg>
<status status="PASS" starttime="20240717 21:01:42.029" endtime="20240717 21:01:42.126"/>
</kw>
<kw name="Input Text" library="SeleniumLibrary">
<arg>${INPUT LASTNAME}</arg>
<arg>${LAST NAME}</arg>
<doc>Types the given ``text`` into the text field identified by ``locator``.</doc>
<msg timestamp="20240717 21:01:42.127" level="INFO">Typing text 'sweet' into text field 'xpath://*[@id="lastname"]'.</msg>
<status status="PASS" starttime="20240717 21:01:42.126" endtime="20240717 21:01:42.236"/>
</kw>
<kw name="Input Password" library="SeleniumLibrary">
<arg>${INPUT PASSWORD}</arg>
<arg>${PASSWORD}</arg>
<doc>Types the given password into the text field identified by ``locator``.</doc>
<msg timestamp="20240717 21:01:42.236" level="INFO">Typing password into text field 'xpath://*[@id="password"]'.</msg>
<msg timestamp="20240717 21:01:42.285" level="INFO">Temporally setting log level to: NONE</msg>
<msg timestamp="20240717 21:01:42.363" level="INFO">Log level changed from NONE to INFO.</msg>
<status status="PASS" starttime="20240717 21:01:42.236" endtime="20240717 21:01:42.363"/>
</kw>
<kw name="Input Password" library="SeleniumLibrary">
<arg>${INPUT CONFIRM PASSWORD}</arg>
<arg>${CONFIRM PASSWORD}</arg>
<doc>Types the given password into the text field identified by ``locator``.</doc>
<msg timestamp="20240717 21:01:42.364" level="INFO">Typing password into text field 'xpath://*[@id="confirmPassword"]'.</msg>
<msg timestamp="20240717 21:01:42.425" level="INFO">Temporally setting log level to: NONE</msg>
<msg timestamp="20240717 21:01:42.506" level="INFO">Log level changed from NONE to INFO.</msg>
<status status="PASS" starttime="20240717 21:01:42.363" endtime="20240717 21:01:42.506"/>
</kw>
<kw name="Press Keys" library="SeleniumLibrary">
<arg>${CREATE ACCOUNT BTN}</arg>
<arg>Return</arg>
<doc>Simulates the user pressing key(s) to an element or on the active browser.</doc>
<msg timestamp="20240717 21:01:42.508" level="INFO">Sending key(s) ('Return',) to xpath://*[@id="create-account-form"]/input element.</msg>
<msg timestamp="20240717 21:01:42.871" level="INFO">Sending keys Return</msg>
<status status="PASS" starttime="20240717 21:01:42.506" endtime="20240717 21:01:42.934"/>
</kw>
<status status="PASS" starttime="20240717 21:01:41.878" endtime="20240717 21:01:42.934"/>
</kw>
<kw name="Element Should Be Visible" library="SeleniumLibrary">
<arg>${EMPTY FIRSTNAME MSG}</arg>
<doc>Verifies that the element identified by ``locator`` is visible.</doc>
<msg timestamp="20240717 21:01:42.986" level="INFO">Element 'xpath://*[@id="create-account-form"]/div[2]/div[contains(text(), 'กรุณากรอกชื่อ')]' is displayed.</msg>
<status status="PASS" starttime="20240717 21:01:42.935" endtime="20240717 21:01:42.986"/>
</kw>
<kw name="Element Should Be Visible" library="SeleniumLibrary">
<arg>${FAILED TOAST MSG}</arg>
<doc>Verifies that the element identified by ``locator`` is visible.</doc>
<msg timestamp="20240717 21:01:43.061" level="INFO">Element 'xpath://*[@id="toast"]/div[contains(text(), 'ไม่สามารถสร้างบัญชีได้ กรุณากรอกข้อมูลให้ถูกต้อง')]' is displayed.</msg>
<status status="PASS" starttime="20240717 21:01:42.988" endtime="20240717 21:01:43.061"/>
</kw>
<kw name="Close Browser" library="SeleniumLibrary" type="TEARDOWN">
<doc>Closes the current browser.</doc>
<status status="PASS" starttime="20240717 21:01:43.062" endtime="20240717 21:01:45.242"/>
</kw>
<status status="PASS" starttime="20240717 21:01:40.163" endtime="20240717 21:01:45.243"/>
</test>
<test id="s1-t4" name="CREATE_ACCOUNT_04: User create account with blank last name should failed" line="42">
<kw name="Open Browser" library="SeleniumLibrary" type="SETUP">
<arg>${URL}</arg>
<arg>chrome</arg>
<doc>Opens a new browser instance to the optional ``url``.</doc>
<msg timestamp="20240717 21:01:45.248" level="INFO">Opening browser 'chrome' to base url 'D:MyPractice\simple-testcase\create-account.html'.</msg>
<status status="PASS" starttime="20240717 21:01:45.247" endtime="20240717 21:01:46.676"/>
</kw>
<kw name="Fill data to form and click button &quot;Create Account&quot;">
<arg>chomphu1</arg>
<arg>chomphu</arg>
<arg>${EMPTY}</arg>
<arg>12345678</arg>
<arg>12345678</arg>
<kw name="Input Text" library="SeleniumLibrary">
<arg>${INPUT USERNAME}</arg>
<arg>${USERNAME}</arg>
<doc>Types the given ``text`` into the text field identified by ``locator``.</doc>
<msg timestamp="20240717 21:01:46.681" level="INFO">Typing text 'chomphu1' into text field 'xpath://*[@id="username"]'.</msg>
<status status="PASS" starttime="20240717 21:01:46.680" endtime="20240717 21:01:46.861"/>
</kw>
<kw name="Input Text" library="SeleniumLibrary">
<arg>${INPUT FIRSTNAME}</arg>
<arg>${FIRST NAME}</arg>
<doc>Types the given ``text`` into the text field identified by ``locator``.</doc>
<msg timestamp="20240717 21:01:46.862" level="INFO">Typing text 'chomphu' into text field 'xpath://*[@id="firstname"]'.</msg>
<status status="PASS" starttime="20240717 21:01:46.861" endtime="20240717 21:01:46.974"/>
</kw>
<kw name="Input Text" library="SeleniumLibrary">
<arg>${INPUT LASTNAME}</arg>
<arg>${LAST NAME}</arg>
<doc>Types the given ``text`` into the text field identified by ``locator``.</doc>
<msg timestamp="20240717 21:01:46.974" level="INFO">Typing text '' into text field 'xpath://*[@id="lastname"]'.</msg>
<status status="PASS" starttime="20240717 21:01:46.974" endtime="20240717 21:01:47.081"/>
</kw>
<kw name="Input Password" library="SeleniumLibrary">
<arg>${INPUT PASSWORD}</arg>
<arg>${PASSWORD}</arg>
<doc>Types the given password into the text field identified by ``locator``.</doc>
<msg timestamp="20240717 21:01:47.082" level="INFO">Typing password into text field 'xpath://*[@id="password"]'.</msg>
<msg timestamp="20240717 21:01:47.131" level="INFO">Temporally setting log level to: NONE</msg>
<msg timestamp="20240717 21:01:47.214" level="INFO">Log level changed from NONE to INFO.</msg>
<status status="PASS" starttime="20240717 21:01:47.081" endtime="20240717 21:01:47.214"/>
</kw>
<kw name="Input Password" library="SeleniumLibrary">
<arg>${INPUT CONFIRM PASSWORD}</arg>
<arg>${CONFIRM PASSWORD}</arg>
<doc>Types the given password into the text field identified by ``locator``.</doc>
<msg timestamp="20240717 21:01:47.215" level="INFO">Typing password into text field 'xpath://*[@id="confirmPassword"]'.</msg>
<msg timestamp="20240717 21:01:47.281" level="INFO">Temporally setting log level to: NONE</msg>
<msg timestamp="20240717 21:01:47.360" level="INFO">Log level changed from NONE to INFO.</msg>
<status status="PASS" starttime="20240717 21:01:47.214" endtime="20240717 21:01:47.360"/>
</kw>
<kw name="Press Keys" library="SeleniumLibrary">
<arg>${CREATE ACCOUNT BTN}</arg>
<arg>Return</arg>
<doc>Simulates the user pressing key(s) to an element or on the active browser.</doc>
<msg timestamp="20240717 21:01:47.361" level="INFO">Sending key(s) ('Return',) to xpath://*[@id="create-account-form"]/input element.</msg>
<msg timestamp="20240717 21:01:47.719" level="INFO">Sending keys Return</msg>
<status status="PASS" starttime="20240717 21:01:47.361" endtime="20240717 21:01:47.775"/>
</kw>
<status status="PASS" starttime="20240717 21:01:46.678" endtime="20240717 21:01:47.775"/>
</kw>
<kw name="Element Should Be Visible" library="SeleniumLibrary">
<arg>${EMPTY LASTNAME MSG}</arg>
<doc>Verifies that the element identified by ``locator`` is visible.</doc>
<msg timestamp="20240717 21:01:47.824" level="INFO">Element 'xpath://*[@id="create-account-form"]/div[3]/div[contains(text(), 'กรุณากรอกนามสกุล')]' is displayed.</msg>
<status status="PASS" starttime="20240717 21:01:47.776" endtime="20240717 21:01:47.824"/>
</kw>
<kw name="Element Should Be Visible" library="SeleniumLibrary">
<arg>${FAILED TOAST MSG}</arg>
<doc>Verifies that the element identified by ``locator`` is visible.</doc>
<msg timestamp="20240717 21:01:47.901" level="INFO">Element 'xpath://*[@id="toast"]/div[contains(text(), 'ไม่สามารถสร้างบัญชีได้ กรุณากรอกข้อมูลให้ถูกต้อง')]' is displayed.</msg>
<status status="PASS" starttime="20240717 21:01:47.829" endtime="20240717 21:01:47.901"/>
</kw>
<kw name="Close Browser" library="SeleniumLibrary" type="TEARDOWN">
<doc>Closes the current browser.</doc>
<status status="PASS" starttime="20240717 21:01:47.902" endtime="20240717 21:01:50.077"/>
</kw>
<status status="PASS" starttime="20240717 21:01:45.246" endtime="20240717 21:01:50.078"/>
</test>
<test id="s1-t5" name="CREATE_ACCOUNT_05: User create account with blank password should failed" line="47">
<kw name="Open Browser" library="SeleniumLibrary" type="SETUP">
<arg>${URL}</arg>
<arg>chrome</arg>
<doc>Opens a new browser instance to the optional ``url``.</doc>
<msg timestamp="20240717 21:01:50.083" level="INFO">Opening browser 'chrome' to base url 'D:MyPractice\simple-testcase\create-account.html'.</msg>
<status status="PASS" starttime="20240717 21:01:50.082" endtime="20240717 21:01:51.572"/>
</kw>
<kw name="Fill data to form and click button &quot;Create Account&quot;">
<arg>melon1</arg>
<arg>melon</arg>
<arg>lonme</arg>
<arg>${EMPTY}</arg>
<arg>12345678</arg>
<kw name="Input Text" library="SeleniumLibrary">
<arg>${INPUT USERNAME}</arg>
<arg>${USERNAME}</arg>
<doc>Types the given ``text`` into the text field identified by ``locator``.</doc>
<msg timestamp="20240717 21:01:51.577" level="INFO">Typing text 'melon1' into text field 'xpath://*[@id="username"]'.</msg>
<status status="PASS" starttime="20240717 21:01:51.575" endtime="20240717 21:01:51.754"/>
</kw>
<kw name="Input Text" library="SeleniumLibrary">
<arg>${INPUT FIRSTNAME}</arg>
<arg>${FIRST NAME}</arg>
<doc>Types the given ``text`` into the text field identified by ``locator``.</doc>
<msg timestamp="20240717 21:01:51.755" level="INFO">Typing text 'melon' into text field 'xpath://*[@id="firstname"]'.</msg>
<status status="PASS" starttime="20240717 21:01:51.754" endtime="20240717 21:01:51.891"/>
</kw>
<kw name="Input Text" library="SeleniumLibrary">
<arg>${INPUT LASTNAME}</arg>
<arg>${LAST NAME}</arg>
<doc>Types the given ``text`` into the text field identified by ``locator``.</doc>
<msg timestamp="20240717 21:01:51.892" level="INFO">Typing text 'lonme' into text field 'xpath://*[@id="lastname"]'.</msg>
<status status="PASS" starttime="20240717 21:01:51.891" endtime="20240717 21:01:52.019"/>
</kw>
<kw name="Input Password" library="SeleniumLibrary">
<arg>${INPUT PASSWORD}</arg>
<arg>${PASSWORD}</arg>
<doc>Types the given password into the text field identified by ``locator``.</doc>
<msg timestamp="20240717 21:01:52.020" level="INFO">Typing password into text field 'xpath://*[@id="password"]'.</msg>
<msg timestamp="20240717 21:01:52.077" level="INFO">Temporally setting log level to: NONE</msg>
<msg timestamp="20240717 21:01:52.148" level="INFO">Log level changed from NONE to INFO.</msg>
<status status="PASS" starttime="20240717 21:01:52.019" endtime="20240717 21:01:52.148"/>
</kw>
<kw name="Input Password" library="SeleniumLibrary">
<arg>${INPUT CONFIRM PASSWORD}</arg>
<arg>${CONFIRM PASSWORD}</arg>
<doc>Types the given password into the text field identified by ``locator``.</doc>
<msg timestamp="20240717 21:01:52.149" level="INFO">Typing password into text field 'xpath://*[@id="confirmPassword"]'.</msg>
<msg timestamp="20240717 21:01:52.214" level="INFO">Temporally setting log level to: NONE</msg>
<msg timestamp="20240717 21:01:52.289" level="INFO">Log level changed from NONE to INFO.</msg>
<status status="PASS" starttime="20240717 21:01:52.148" endtime="20240717 21:01:52.290"/>
</kw>
<kw name="Press Keys" library="SeleniumLibrary">
<arg>${CREATE ACCOUNT BTN}</arg>
<arg>Return</arg>
<doc>Simulates the user pressing key(s) to an element or on the active browser.</doc>
<msg timestamp="20240717 21:01:52.291" level="INFO">Sending key(s) ('Return',) to xpath://*[@id="create-account-form"]/input element.</msg>
<msg timestamp="20240717 21:01:52.639" level="INFO">Sending keys Return</msg>
<status status="PASS" starttime="20240717 21:01:52.290" endtime="20240717 21:01:52.680"/>
</kw>
<status status="PASS" starttime="20240717 21:01:51.573" endtime="20240717 21:01:52.680"/>
</kw>
<kw name="Element Should Be Visible" library="SeleniumLibrary">
<arg>${EMPTY PASSWORD MSG}</arg>
<doc>Verifies that the element identified by ``locator`` is visible.</doc>
<msg timestamp="20240717 21:01:52.718" level="INFO">Element 'xpath://*[@id="create-account-form"]/div[4]/div[contains(text(), 'กรุณากรอกรหัสผ่าน')]' is displayed.</msg>
<status status="PASS" starttime="20240717 21:01:52.681" endtime="20240717 21:01:52.718"/>
</kw>
<kw name="Element Should Be Visible" library="SeleniumLibrary">
<arg>${PASSWORD MISMATCHED MSG}</arg>
<doc>Verifies that the element identified by ``locator`` is visible.</doc>
<msg timestamp="20240717 21:01:52.747" level="INFO">Element 'xpath://*[@id="create-account-form"]/div[5]/div[contains(text(), 'รหัสผ่านไม่ตรงกัน')]' is displayed.</msg>
<status status="PASS" starttime="20240717 21:01:52.719" endtime="20240717 21:01:52.747"/>
</kw>
<kw name="Element Should Be Visible" library="SeleniumLibrary">
<arg>${FAILED TOAST MSG}</arg>
<doc>Verifies that the element identified by ``locator`` is visible.</doc>
<msg timestamp="20240717 21:01:52.776" level="INFO">Element 'xpath://*[@id="toast"]/div[contains(text(), 'ไม่สามารถสร้างบัญชีได้ กรุณากรอกข้อมูลให้ถูกต้อง')]' is displayed.</msg>
<status status="PASS" starttime="20240717 21:01:52.748" endtime="20240717 21:01:52.776"/>
</kw>
<kw name="Close Browser" library="SeleniumLibrary" type="TEARDOWN">
<doc>Closes the current browser.</doc>
<status status="PASS" starttime="20240717 21:01:52.777" endtime="20240717 21:01:54.948"/>
</kw>
<status status="PASS" starttime="20240717 21:01:50.081" endtime="20240717 21:01:54.950"/>
</test>
<test id="s1-t6" name="CREATE_ACCOUNT_06: User create account with blank confirm password should failed" line="53">
<kw name="Open Browser" library="SeleniumLibrary" type="SETUP">
<arg>${URL}</arg>
<arg>chrome</arg>
<doc>Opens a new browser instance to the optional ``url``.</doc>
<msg timestamp="20240717 21:01:54.954" level="INFO">Opening browser 'chrome' to base url 'D:MyPractice\simple-testcase\create-account.html'.</msg>
<status status="PASS" starttime="20240717 21:01:54.953" endtime="20240717 21:01:56.402"/>
</kw>
<kw name="Fill data to form and click button &quot;Create Account&quot;">
<arg>mango1</arg>
<arg>mango</arg>
<arg>gomang</arg>
<arg>12345678</arg>
<arg>${EMPTY}</arg>
<kw name="Input Text" library="SeleniumLibrary">
<arg>${INPUT USERNAME}</arg>
<arg>${USERNAME}</arg>
<doc>Types the given ``text`` into the text field identified by ``locator``.</doc>
<msg timestamp="20240717 21:01:56.405" level="INFO">Typing text 'mango1' into text field 'xpath://*[@id="username"]'.</msg>
<status status="PASS" starttime="20240717 21:01:56.404" endtime="20240717 21:01:56.579"/>
</kw>
<kw name="Input Text" library="SeleniumLibrary">
<arg>${INPUT FIRSTNAME}</arg>
<arg>${FIRST NAME}</arg>
<doc>Types the given ``text`` into the text field identified by ``locator``.</doc>
<msg timestamp="20240717 21:01:56.581" level="INFO">Typing text 'mango' into text field 'xpath://*[@id="firstname"]'.</msg>
<status status="PASS" starttime="20240717 21:01:56.580" endtime="20240717 21:01:56.717"/>
</kw>
<kw name="Input Text" library="SeleniumLibrary">
<arg>${INPUT LASTNAME}</arg>
<arg>${LAST NAME}</arg>
<doc>Types the given ``text`` into the text field identified by ``locator``.</doc>
<msg timestamp="20240717 21:01:56.718" level="INFO">Typing text 'gomang' into text field 'xpath://*[@id="lastname"]'.</msg>
<status status="PASS" starttime="20240717 21:01:56.717" endtime="20240717 21:01:56.854"/>
</kw>
<kw name="Input Password" library="SeleniumLibrary">
<arg>${INPUT PASSWORD}</arg>
<arg>${PASSWORD}</arg>
<doc>Types the given password into the text field identified by ``locator``.</doc>
<msg timestamp="20240717 21:01:56.855" level="INFO">Typing password into text field 'xpath://*[@id="password"]'.</msg>
<msg timestamp="20240717 21:01:56.911" level="INFO">Temporally setting log level to: NONE</msg>
<msg timestamp="20240717 21:01:56.992" level="INFO">Log level changed from NONE to INFO.</msg>
<status status="PASS" starttime="20240717 21:01:56.854" endtime="20240717 21:01:56.992"/>
</kw>
<kw name="Input Password" library="SeleniumLibrary">
<arg>${INPUT CONFIRM PASSWORD}</arg>
<arg>${CONFIRM PASSWORD}</arg>
<doc>Types the given password into the text field identified by ``locator``.</doc>
<msg timestamp="20240717 21:01:56.993" level="INFO">Typing password into text field 'xpath://*[@id="confirmPassword"]'.</msg>
<msg timestamp="20240717 21:01:57.058" level="INFO">Temporally setting log level to: NONE</msg>
<msg timestamp="20240717 21:01:57.138" level="INFO">Log level changed from NONE to INFO.</msg>
<status status="PASS" starttime="20240717 21:01:56.992" endtime="20240717 21:01:57.138"/>
</kw>
<kw name="Press Keys" library="SeleniumLibrary">
<arg>${CREATE ACCOUNT BTN}</arg>
<arg>Return</arg>
<doc>Simulates the user pressing key(s) to an element or on the active browser.</doc>
<msg timestamp="20240717 21:01:57.139" level="INFO">Sending key(s) ('Return',) to xpath://*[@id="create-account-form"]/input element.</msg>
<msg timestamp="20240717 21:01:57.495" level="INFO">Sending keys Return</msg>
<status status="PASS" starttime="20240717 21:01:57.138" endtime="20240717 21:01:57.555"/>
</kw>
<status status="PASS" starttime="20240717 21:01:56.403" endtime="20240717 21:01:57.555"/>
</kw>
<kw name="Element Should Be Visible" library="SeleniumLibrary">
<arg>${EMPTY CONFIRM PASSWORD MSG}</arg>
<doc>Verifies that the element identified by ``locator`` is visible.</doc>
<msg timestamp="20240717 21:01:57.621" level="INFO">Element 'xpath://*[@id="create-account-form"]/div[5]/div[contains(text(), 'กรุณายืนยันรหัสผ่าน')]' is displayed.</msg>
<status status="PASS" starttime="20240717 21:01:57.556" endtime="20240717 21:01:57.621"/>
</kw>
<kw name="Element Should Be Visible" library="SeleniumLibrary">
<arg>${FAILED TOAST MSG}</arg>
<doc>Verifies that the element identified by ``locator`` is visible.</doc>
<msg timestamp="20240717 21:01:57.709" level="INFO">Element 'xpath://*[@id="toast"]/div[contains(text(), 'ไม่สามารถสร้างบัญชีได้ กรุณากรอกข้อมูลให้ถูกต้อง')]' is displayed.</msg>
<status status="PASS" starttime="20240717 21:01:57.623" endtime="20240717 21:01:57.709"/>
</kw>
<kw name="Close Browser" library="SeleniumLibrary" type="TEARDOWN">
<doc>Closes the current browser.</doc>
<status status="PASS" starttime="20240717 21:01:57.710" endtime="20240717 21:01:59.912"/>
</kw>
<status status="PASS" starttime="20240717 21:01:54.952" endtime="20240717 21:01:59.914"/>
</test>
<test id="s1-t7" name="CREATE_ACCOUNT_07: User create account with all empty fields should failed" line="59">
<kw name="Open Browser" library="SeleniumLibrary" type="SETUP">
<arg>${URL}</arg>
<arg>chrome</arg>
<doc>Opens a new browser instance to the optional ``url``.</doc>
<msg timestamp="20240717 21:01:59.919" level="INFO">Opening browser 'chrome' to base url 'D:MyPractice\simple-testcase\create-account.html'.</msg>
<status status="PASS" starttime="20240717 21:01:59.918" endtime="20240717 21:02:01.546"/>
</kw>
<kw name="Fill data to form and click button &quot;Create Account&quot;">
<arg>${EMPTY}</arg>
<arg>${EMPTY}</arg>
<arg>${EMPTY}</arg>
<arg>${EMPTY}</arg>
<arg>${EMPTY}</arg>
<kw name="Input Text" library="SeleniumLibrary">
<arg>${INPUT USERNAME}</arg>
<arg>${USERNAME}</arg>
<doc>Types the given ``text`` into the text field identified by ``locator``.</doc>
<msg timestamp="20240717 21:02:01.557" level="INFO">Typing text '' into text field 'xpath://*[@id="username"]'.</msg>
<status status="PASS" starttime="20240717 21:02:01.556" endtime="20240717 21:02:01.721"/>
</kw>
<kw name="Input Text" library="SeleniumLibrary">
<arg>${INPUT FIRSTNAME}</arg>
<arg>${FIRST NAME}</arg>
<doc>Types the given ``text`` into the text field identified by ``locator``.</doc>
<msg timestamp="20240717 21:02:01.722" level="INFO">Typing text '' into text field 'xpath://*[@id="firstname"]'.</msg>
<status status="PASS" starttime="20240717 21:02:01.722" endtime="20240717 21:02:01.847"/>
</kw>
<kw name="Input Text" library="SeleniumLibrary">
<arg>${INPUT LASTNAME}</arg>
<arg>${LAST NAME}</arg>
<doc>Types the given ``text`` into the text field identified by ``locator``.</doc>
<msg timestamp="20240717 21:02:01.848" level="INFO">Typing text '' into text field 'xpath://*[@id="lastname"]'.</msg>
<status status="PASS" starttime="20240717 21:02:01.847" endtime="20240717 21:02:01.994"/>
</kw>
<kw name="Input Password" library="SeleniumLibrary">
<arg>${INPUT PASSWORD}</arg>
<arg>${PASSWORD}</arg>
<doc>Types the given password into the text field identified by ``locator``.</doc>
<msg timestamp="20240717 21:02:01.994" level="INFO">Typing password into text field 'xpath://*[@id="password"]'.</msg>
<msg timestamp="20240717 21:02:02.061" level="INFO">Temporally setting log level to: NONE</msg>
<msg timestamp="20240717 21:02:02.148" level="INFO">Log level changed from NONE to INFO.</msg>
<status status="PASS" starttime="20240717 21:02:01.994" endtime="20240717 21:02:02.148"/>
</kw>
<kw name="Input Password" library="SeleniumLibrary">
<arg>${INPUT CONFIRM PASSWORD}</arg>
<arg>${CONFIRM PASSWORD}</arg>
<doc>Types the given password into the text field identified by ``locator``.</doc>
<msg timestamp="20240717 21:02:02.149" level="INFO">Typing password into text field 'xpath://*[@id="confirmPassword"]'.</msg>
<msg timestamp="20240717 21:02:02.233" level="INFO">Temporally setting log level to: NONE</msg>
<msg timestamp="20240717 21:02:02.294" level="INFO">Log level changed from NONE to INFO.</msg>
<status status="PASS" starttime="20240717 21:02:02.149" endtime="20240717 21:02:02.294"/>
</kw>
<kw name="Press Keys" library="SeleniumLibrary">
<arg>${CREATE ACCOUNT BTN}</arg>
<arg>Return</arg>
<doc>Simulates the user pressing key(s) to an element or on the active browser.</doc>
<msg timestamp="20240717 21:02:02.295" level="INFO">Sending key(s) ('Return',) to xpath://*[@id="create-account-form"]/input element.</msg>
<msg timestamp="20240717 21:02:02.648" level="INFO">Sending keys Return</msg>
<status status="PASS" starttime="20240717 21:02:02.294" endtime="20240717 21:02:02.689"/>
</kw>
<status status="PASS" starttime="20240717 21:02:01.550" endtime="20240717 21:02:02.689"/>
</kw>
<kw name="Element Should Be Visible" library="SeleniumLibrary">
<arg>${EMPTY USERNAME MSG}</arg>
<doc>Verifies that the element identified by ``locator`` is visible.</doc>
<msg timestamp="20240717 21:02:02.752" level="INFO">Element 'xpath://*[@id="create-account-form"]/div[1]/div[contains(text(), 'กรุณากรอกชื่อผู้ใช้')]' is displayed.</msg>
<status status="PASS" starttime="20240717 21:02:02.690" endtime="20240717 21:02:02.752"/>
</kw>
<kw name="Element Should Be Visible" library="SeleniumLibrary">
<arg>${EMPTY FIRSTNAME MSG}</arg>
<doc>Verifies that the element identified by ``locator`` is visible.</doc>
<msg timestamp="20240717 21:02:02.806" level="INFO">Element 'xpath://*[@id="create-account-form"]/div[2]/div[contains(text(), 'กรุณากรอกชื่อ')]' is displayed.</msg>
<status status="PASS" starttime="20240717 21:02:02.753" endtime="20240717 21:02:02.806"/>
</kw>
<kw name="Element Should Be Visible" library="SeleniumLibrary">
<arg>${EMPTY LASTNAME MSG}</arg>
<doc>Verifies that the element identified by ``locator`` is visible.</doc>
<msg timestamp="20240717 21:02:02.851" level="INFO">Element 'xpath://*[@id="create-account-form"]/div[3]/div[contains(text(), 'กรุณากรอกนามสกุล')]' is displayed.</msg>
<status status="PASS" starttime="20240717 21:02:02.807" endtime="20240717 21:02:02.851"/>
</kw>
<kw name="Element Should Be Visible" library="SeleniumLibrary">
<arg>${EMPTY PASSWORD MSG}</arg>
<doc>Verifies that the element identified by ``locator`` is visible.</doc>
<msg timestamp="20240717 21:02:02.901" level="INFO">Element 'xpath://*[@id="create-account-form"]/div[4]/div[contains(text(), 'กรุณากรอกรหัสผ่าน')]' is displayed.</msg>
<status status="PASS" starttime="20240717 21:02:02.854" endtime="20240717 21:02:02.902"/>
</kw>
<kw name="Element Should Be Visible" library="SeleniumLibrary">
<arg>${EMPTY CONFIRM PASSWORD MSG}</arg>
<doc>Verifies that the element identified by ``locator`` is visible.</doc>
<msg timestamp="20240717 21:02:02.938" level="INFO">Element 'xpath://*[@id="create-account-form"]/div[5]/div[contains(text(), 'กรุณายืนยันรหัสผ่าน')]' is displayed.</msg>
<status status="PASS" starttime="20240717 21:02:02.903" endtime="20240717 21:02:02.938"/>
</kw>
<kw name="Element Should Be Visible" library="SeleniumLibrary">
<arg>${FAILED TOAST MSG}</arg>
<doc>Verifies that the element identified by ``locator`` is visible.</doc>
<msg timestamp="20240717 21:02:02.971" level="INFO">Element 'xpath://*[@id="toast"]/div[contains(text(), 'ไม่สามารถสร้างบัญชีได้ กรุณากรอกข้อมูลให้ถูกต้อง')]' is displayed.</msg>
<status status="PASS" starttime="20240717 21:02:02.939" endtime="20240717 21:02:02.971"/>
</kw>
<kw name="Close Browser" library="SeleniumLibrary" type="TEARDOWN">
<doc>Closes the current browser.</doc>
<status status="PASS" starttime="20240717 21:02:02.972" endtime="20240717 21:02:05.142"/>
</kw>
<status status="PASS" starttime="20240717 21:01:59.916" endtime="20240717 21:02:05.143"/>
</test>
<test id="s1-t8" name="CREATE_ACCOUNT_08: User create account with username length 19 characters should success (&lt;20)" line="68">
<kw name="Open Browser" library="SeleniumLibrary" type="SETUP">
<arg>${URL}</arg>
<arg>chrome</arg>
<doc>Opens a new browser instance to the optional ``url``.</doc>
<msg timestamp="20240717 21:02:05.148" level="INFO">Opening browser 'chrome' to base url 'D:MyPractice\simple-testcase\create-account.html'.</msg>
<status status="PASS" starttime="20240717 21:02:05.147" endtime="20240717 21:02:06.594"/>
</kw>
<kw name="Fill data to form and click button &quot;Create Account&quot;">
<arg>aaaaaaaaaaaaaaaaaaa</arg>
<arg>nc</arg>
<arg>mk</arg>
<arg>12345678</arg>
<arg>12345678</arg>
<kw name="Input Text" library="SeleniumLibrary">
<arg>${INPUT USERNAME}</arg>
<arg>${USERNAME}</arg>
<doc>Types the given ``text`` into the text field identified by ``locator``.</doc>
<msg timestamp="20240717 21:02:06.596" level="INFO">Typing text 'aaaaaaaaaaaaaaaaaaa' into text field 'xpath://*[@id="username"]'.</msg>
<status status="PASS" starttime="20240717 21:02:06.595" endtime="20240717 21:02:06.795"/>
</kw>
<kw name="Input Text" library="SeleniumLibrary">
<arg>${INPUT FIRSTNAME}</arg>
<arg>${FIRST NAME}</arg>
<doc>Types the given ``text`` into the text field identified by ``locator``.</doc>
<msg timestamp="20240717 21:02:06.796" level="INFO">Typing text 'nc' into text field 'xpath://*[@id="firstname"]'.</msg>
<status status="PASS" starttime="20240717 21:02:06.795" endtime="20240717 21:02:06.927"/>
</kw>
<kw name="Input Text" library="SeleniumLibrary">
<arg>${INPUT LASTNAME}</arg>
<arg>${LAST NAME}</arg>
<doc>Types the given ``text`` into the text field identified by ``locator``.</doc>
<msg timestamp="20240717 21:02:06.928" level="INFO">Typing text 'mk' into text field 'xpath://*[@id="lastname"]'.</msg>
<status status="PASS" starttime="20240717 21:02:06.927" endtime="20240717 21:02:07.081"/>
</kw>
<kw name="Input Password" library="SeleniumLibrary">
<arg>${INPUT PASSWORD}</arg>
<arg>${PASSWORD}</arg>
<doc>Types the given password into the text field identified by ``locator``.</doc>
<msg timestamp="20240717 21:02:07.082" level="INFO">Typing password into text field 'xpath://*[@id="password"]'.</msg>
<msg timestamp="20240717 21:02:07.138" level="INFO">Temporally setting log level to: NONE</msg>
<msg timestamp="20240717 21:02:07.218" level="INFO">Log level changed from NONE to INFO.</msg>
<status status="PASS" starttime="20240717 21:02:07.081" endtime="20240717 21:02:07.218"/>
</kw>
<kw name="Input Password" library="SeleniumLibrary">
<arg>${INPUT CONFIRM PASSWORD}</arg>
<arg>${CONFIRM PASSWORD}</arg>
<doc>Types the given password into the text field identified by ``locator``.</doc>
<msg timestamp="20240717 21:02:07.219" level="INFO">Typing password into text field 'xpath://*[@id="confirmPassword"]'.</msg>
<msg timestamp="20240717 21:02:07.276" level="INFO">Temporally setting log level to: NONE</msg>
<msg timestamp="20240717 21:02:07.355" level="INFO">Log level changed from NONE to INFO.</msg>
<status status="PASS" starttime="20240717 21:02:07.218" endtime="20240717 21:02:07.356"/>
</kw>
<kw name="Press Keys" library="SeleniumLibrary">
<arg>${CREATE ACCOUNT BTN}</arg>
<arg>Return</arg>
<doc>Simulates the user pressing key(s) to an element or on the active browser.</doc>
<msg timestamp="20240717 21:02:07.357" level="INFO">Sending key(s) ('Return',) to xpath://*[@id="create-account-form"]/input element.</msg>
<msg timestamp="20240717 21:02:07.781" level="INFO">Sending keys Return</msg>
<status status="PASS" starttime="20240717 21:02:07.356" endtime="20240717 21:02:07.864"/>
</kw>
<status status="PASS" starttime="20240717 21:02:06.595" endtime="20240717 21:02:07.864"/>
</kw>
<kw name="Element Should Be Visible" library="SeleniumLibrary">
<arg>${SUCCESS TOAST MSG}</arg>
<doc>Verifies that the element identified by ``locator`` is visible.</doc>
<msg timestamp="20240717 21:02:07.959" level="INFO">Element 'xpath://*[@id="toast"]/div[contains(text(), 'สร้างบัญชีสำเร็จ')]' is displayed.</msg>
<status status="PASS" starttime="20240717 21:02:07.866" endtime="20240717 21:02:07.959"/>
</kw>
<kw name="Close Browser" library="SeleniumLibrary" type="TEARDOWN">
<doc>Closes the current browser.</doc>
<status status="PASS" starttime="20240717 21:02:07.960" endtime="20240717 21:02:10.181"/>
</kw>
<status status="PASS" starttime="20240717 21:02:05.146" endtime="20240717 21:02:10.182"/>
</test>
<test id="s1-t9" name="CREATE_ACCOUNT_09: User create account with username length 20 characters should success (=20)" line="72">
<kw name="Open Browser" library="SeleniumLibrary" type="SETUP">
<arg>${URL}</arg>
<arg>chrome</arg>
<doc>Opens a new browser instance to the optional ``url``.</doc>
<msg timestamp="20240717 21:02:10.187" level="INFO">Opening browser 'chrome' to base url 'D:MyPractice\simple-testcase\create-account.html'.</msg>
<status status="PASS" starttime="20240717 21:02:10.186" endtime="20240717 21:02:11.731"/>
</kw>
<kw name="Fill data to form and click button &quot;Create Account&quot;">
<arg>bbbbbbbbbbbbbbbbbbbb</arg>
<arg>nc</arg>
<arg>mk</arg>
<arg>12345678</arg>
<arg>12345678</arg>
<kw name="Input Text" library="SeleniumLibrary">
<arg>${INPUT USERNAME}</arg>
<arg>${USERNAME}</arg>
<doc>Types the given ``text`` into the text field identified by ``locator``.</doc>
<msg timestamp="20240717 21:02:11.737" level="INFO">Typing text 'bbbbbbbbbbbbbbbbbbbb' into text field 'xpath://*[@id="username"]'.</msg>
<status status="PASS" starttime="20240717 21:02:11.733" endtime="20240717 21:02:11.945"/>
</kw>
<kw name="Input Text" library="SeleniumLibrary">
<arg>${INPUT FIRSTNAME}</arg>
<arg>${FIRST NAME}</arg>
<doc>Types the given ``text`` into the text field identified by ``locator``.</doc>
<msg timestamp="20240717 21:02:11.946" level="INFO">Typing text 'nc' into text field 'xpath://*[@id="firstname"]'.</msg>
<status status="PASS" starttime="20240717 21:02:11.945" endtime="20240717 21:02:12.073"/>
</kw>
<kw name="Input Text" library="SeleniumLibrary">
<arg>${INPUT LASTNAME}</arg>
<arg>${LAST NAME}</arg>
<doc>Types the given ``text`` into the text field identified by ``locator``.</doc>
<msg timestamp="20240717 21:02:12.074" level="INFO">Typing text 'mk' into text field 'xpath://*[@id="lastname"]'.</msg>
<status status="PASS" starttime="20240717 21:02:12.074" endtime="20240717 21:02:12.199"/>
</kw>
<kw name="Input Password" library="SeleniumLibrary">
<arg>${INPUT PASSWORD}</arg>
<arg>${PASSWORD}</arg>
<doc>Types the given password into the text field identified by ``locator``.</doc>
<msg timestamp="20240717 21:02:12.200" level="INFO">Typing password into text field 'xpath://*[@id="password"]'.</msg>
<msg timestamp="20240717 21:02:12.258" level="INFO">Temporally setting log level to: NONE</msg>
<msg timestamp="20240717 21:02:12.343" level="INFO">Log level changed from NONE to INFO.</msg>
<status status="PASS" starttime="20240717 21:02:12.199" endtime="20240717 21:02:12.343"/>
</kw>
<kw name="Input Password" library="SeleniumLibrary">
<arg>${INPUT CONFIRM PASSWORD}</arg>
<arg>${CONFIRM PASSWORD}</arg>
<doc>Types the given password into the text field identified by ``locator``.</doc>
<msg timestamp="20240717 21:02:12.343" level="INFO">Typing password into text field 'xpath://*[@id="confirmPassword"]'.</msg>
<msg timestamp="20240717 21:02:12.400" level="INFO">Temporally setting log level to: NONE</msg>
<msg timestamp="20240717 21:02:12.483" level="INFO">Log level changed from NONE to INFO.</msg>
<status status="PASS" starttime="20240717 21:02:12.343" endtime="20240717 21:02:12.484"/>
</kw>
<kw name="Press Keys" library="SeleniumLibrary">
<arg>${CREATE ACCOUNT BTN}</arg>
<arg>Return</arg>
<doc>Simulates the user pressing key(s) to an element or on the active browser.</doc>
<msg timestamp="20240717 21:02:12.485" level="INFO">Sending key(s) ('Return',) to xpath://*[@id="create-account-form"]/input element.</msg>
<msg timestamp="20240717 21:02:12.834" level="INFO">Sending keys Return</msg>
<status status="PASS" starttime="20240717 21:02:12.484" endtime="20240717 21:02:12.871"/>
</kw>
<status status="PASS" starttime="20240717 21:02:11.732" endtime="20240717 21:02:12.871"/>
</kw>
<kw name="Element Should Be Visible" library="SeleniumLibrary">
<arg>${SUCCESS TOAST MSG}</arg>
<doc>Verifies that the element identified by ``locator`` is visible.</doc>
<msg timestamp="20240717 21:02:12.915" level="INFO">Element 'xpath://*[@id="toast"]/div[contains(text(), 'สร้างบัญชีสำเร็จ')]' is displayed.</msg>
<status status="PASS" starttime="20240717 21:02:12.872" endtime="20240717 21:02:12.915"/>
</kw>
<kw name="Close Browser" library="SeleniumLibrary" type="TEARDOWN">
<doc>Closes the current browser.</doc>
<status status="PASS" starttime="20240717 21:02:12.916" endtime="20240717 21:02:15.262"/>
</kw>
<status status="PASS" starttime="20240717 21:02:10.185" endtime="20240717 21:02:15.274"/>
</test>
<test id="s1-t10" name="CREATE_ACCOUNT_10: User create account with username length 21 characters should failed (&gt;20)" line="76">
<kw name="Open Browser" library="SeleniumLibrary" type="SETUP">
<arg>${URL}</arg>
<arg>chrome</arg>
<doc>Opens a new browser instance to the optional ``url``.</doc>
<msg timestamp="20240717 21:02:15.280" level="INFO">Opening browser 'chrome' to base url 'D:MyPractice\simple-testcase\create-account.html'.</msg>
<status status="PASS" starttime="20240717 21:02:15.278" endtime="20240717 21:02:16.699"/>
</kw>
<kw name="Fill data to form and click button &quot;Create Account&quot;">
<arg>ccccccccccccccccccccc</arg>
<arg>nc</arg>
<arg>mk</arg>
<arg>12345678</arg>
<arg>12345678</arg>
<kw name="Input Text" library="SeleniumLibrary">
<arg>${INPUT USERNAME}</arg>
<arg>${USERNAME}</arg>
<doc>Types the given ``text`` into the text field identified by ``locator``.</doc>
<msg timestamp="20240717 21:02:16.702" level="INFO">Typing text 'ccccccccccccccccccccc' into text field 'xpath://*[@id="username"]'.</msg>
<status status="PASS" starttime="20240717 21:02:16.701" endtime="20240717 21:02:16.910"/>
</kw>
<kw name="Input Text" library="SeleniumLibrary">
<arg>${INPUT FIRSTNAME}</arg>
<arg>${FIRST NAME}</arg>
<doc>Types the given ``text`` into the text field identified by ``locator``.</doc>
<msg timestamp="20240717 21:02:16.911" level="INFO">Typing text 'nc' into text field 'xpath://*[@id="firstname"]'.</msg>
<status status="PASS" starttime="20240717 21:02:16.910" endtime="20240717 21:02:17.036"/>
</kw>
<kw name="Input Text" library="SeleniumLibrary">
<arg>${INPUT LASTNAME}</arg>
<arg>${LAST NAME}</arg>
<doc>Types the given ``text`` into the text field identified by ``locator``.</doc>
<msg timestamp="20240717 21:02:17.038" level="INFO">Typing text 'mk' into text field 'xpath://*[@id="lastname"]'.</msg>
<status status="PASS" starttime="20240717 21:02:17.037" endtime="20240717 21:02:17.160"/>
</kw>
<kw name="Input Password" library="SeleniumLibrary">
<arg>${INPUT PASSWORD}</arg>
<arg>${PASSWORD}</arg>
<doc>Types the given password into the text field identified by ``locator``.</doc>
<msg timestamp="20240717 21:02:17.161" level="INFO">Typing password into text field 'xpath://*[@id="password"]'.</msg>
<msg timestamp="20240717 21:02:17.217" level="INFO">Temporally setting log level to: NONE</msg>
<msg timestamp="20240717 21:02:17.321" level="INFO">Log level changed from NONE to INFO.</msg>
<status status="PASS" starttime="20240717 21:02:17.160" endtime="20240717 21:02:17.321"/>
</kw>
<kw name="Input Password" library="SeleniumLibrary">
<arg>${INPUT CONFIRM PASSWORD}</arg>
<arg>${CONFIRM PASSWORD}</arg>
<doc>Types the given password into the text field identified by ``locator``.</doc>
<msg timestamp="20240717 21:02:17.323" level="INFO">Typing password into text field 'xpath://*[@id="confirmPassword"]'.</msg>
<msg timestamp="20240717 21:02:17.389" level="INFO">Temporally setting log level to: NONE</msg>
<msg timestamp="20240717 21:02:17.516" level="INFO">Log level changed from NONE to INFO.</msg>
<status status="PASS" starttime="20240717 21:02:17.321" endtime="20240717 21:02:17.516"/>
</kw>
<kw name="Press Keys" library="SeleniumLibrary">
<arg>${CREATE ACCOUNT BTN}</arg>
<arg>Return</arg>
<doc>Simulates the user pressing key(s) to an element or on the active browser.</doc>
<msg timestamp="20240717 21:02:17.518" level="INFO">Sending key(s) ('Return',) to xpath://*[@id="create-account-form"]/input element.</msg>
<msg timestamp="20240717 21:02:17.918" level="INFO">Sending keys Return</msg>
<status status="PASS" starttime="20240717 21:02:17.517" endtime="20240717 21:02:17.975"/>
</kw>
<status status="PASS" starttime="20240717 21:02:16.700" endtime="20240717 21:02:17.975"/>
</kw>
<kw name="Element Should Be Visible" library="SeleniumLibrary">
<arg>${USERNAME WARNING}</arg>
<doc>Verifies that the element identified by ``locator`` is visible.</doc>
<msg timestamp="20240717 21:02:18.020" level="INFO">Element 'xpath://*[@id="create-account-form"]/div[1]/div[contains(text(), 'ชื่อผู้ใช้ไม่ควรเกิน 20 ตัวอักษร')]' is displayed.</msg>
<status status="PASS" starttime="20240717 21:02:17.976" endtime="20240717 21:02:18.020"/>
</kw>
<kw name="Element Should Be Visible" library="SeleniumLibrary">
<arg>${FAILED TOAST MSG}</arg>
<doc>Verifies that the element identified by ``locator`` is visible.</doc>
<msg timestamp="20240717 21:02:18.084" level="INFO">Element 'xpath://*[@id="toast"]/div[contains(text(), 'ไม่สามารถสร้างบัญชีได้ กรุณากรอกข้อมูลให้ถูกต้อง')]' is displayed.</msg>
<status status="PASS" starttime="20240717 21:02:18.024" endtime="20240717 21:02:18.084"/>
</kw>
<kw name="Close Browser" library="SeleniumLibrary" type="TEARDOWN">
<doc>Closes the current browser.</doc>
<status status="PASS" starttime="20240717 21:02:18.095" endtime="20240717 21:02:20.325"/>
</kw>
<status status="PASS" starttime="20240717 21:02:15.276" endtime="20240717 21:02:20.326"/>
</test>
<test id="s1-t11" name="CREATE_ACCOUNT_11: User create account with password length 7 characters should failed (&lt;8)" line="82">
<kw name="Open Browser" library="SeleniumLibrary" type="SETUP">
<arg>${URL}</arg>
<arg>chrome</arg>
<doc>Opens a new browser instance to the optional ``url``.</doc>
<msg timestamp="20240717 21:02:20.330" level="INFO">Opening browser 'chrome' to base url 'D:MyPractice\simple-testcase\create-account.html'.</msg>
<status status="PASS" starttime="20240717 21:02:20.329" endtime="20240717 21:02:21.852"/>
</kw>
<kw name="Fill data to form and click button &quot;Create Account&quot;">
<arg>ppim</arg>
<arg>nc</arg>
<arg>mk</arg>
<arg>1234567</arg>
<arg>1234567</arg>
<kw name="Input Text" library="SeleniumLibrary">
<arg>${INPUT USERNAME}</arg>
<arg>${USERNAME}</arg>
<doc>Types the given ``text`` into the text field identified by ``locator``.</doc>
<msg timestamp="20240717 21:02:21.855" level="INFO">Typing text 'ppim' into text field 'xpath://*[@id="username"]'.</msg>
<status status="PASS" starttime="20240717 21:02:21.854" endtime="20240717 21:02:22.039"/>
</kw>
<kw name="Input Text" library="SeleniumLibrary">
<arg>${INPUT FIRSTNAME}</arg>
<arg>${FIRST NAME}</arg>
<doc>Types the given ``text`` into the text field identified by ``locator``.</doc>
<msg timestamp="20240717 21:02:22.040" level="INFO">Typing text 'nc' into text field 'xpath://*[@id="firstname"]'.</msg>
<status status="PASS" starttime="20240717 21:02:22.039" endtime="20240717 21:02:22.164"/>
</kw>
<kw name="Input Text" library="SeleniumLibrary">
<arg>${INPUT LASTNAME}</arg>
<arg>${LAST NAME}</arg>
<doc>Types the given ``text`` into the text field identified by ``locator``.</doc>
<msg timestamp="20240717 21:02:22.165" level="INFO">Typing text 'mk' into text field 'xpath://*[@id="lastname"]'.</msg>
<status status="PASS" starttime="20240717 21:02:22.164" endtime="20240717 21:02:22.284"/>
</kw>
<kw name="Input Password" library="SeleniumLibrary">
<arg>${INPUT PASSWORD}</arg>
<arg>${PASSWORD}</arg>
<doc>Types the given password into the text field identified by ``locator``.</doc>
<msg timestamp="20240717 21:02:22.285" level="INFO">Typing password into text field 'xpath://*[@id="password"]'.</msg>
<msg timestamp="20240717 21:02:22.343" level="INFO">Temporally setting log level to: NONE</msg>
<msg timestamp="20240717 21:02:22.423" level="INFO">Log level changed from NONE to INFO.</msg>
<status status="PASS" starttime="20240717 21:02:22.284" endtime="20240717 21:02:22.423"/>
</kw>
<kw name="Input Password" library="SeleniumLibrary">
<arg>${INPUT CONFIRM PASSWORD}</arg>
<arg>${CONFIRM PASSWORD}</arg>
<doc>Types the given password into the text field identified by ``locator``.</doc>
<msg timestamp="20240717 21:02:22.424" level="INFO">Typing password into text field 'xpath://*[@id="confirmPassword"]'.</msg>
<msg timestamp="20240717 21:02:22.481" level="INFO">Temporally setting log level to: NONE</msg>
<msg timestamp="20240717 21:02:22.575" level="INFO">Log level changed from NONE to INFO.</msg>
<status status="PASS" starttime="20240717 21:02:22.423" endtime="20240717 21:02:22.575"/>
</kw>
<kw name="Press Keys" library="SeleniumLibrary">
<arg>${CREATE ACCOUNT BTN}</arg>
<arg>Return</arg>
<doc>Simulates the user pressing key(s) to an element or on the active browser.</doc>
<msg timestamp="20240717 21:02:22.576" level="INFO">Sending key(s) ('Return',) to xpath://*[@id="create-account-form"]/input element.</msg>
<msg timestamp="20240717 21:02:22.947" level="INFO">Sending keys Return</msg>
<status status="PASS" starttime="20240717 21:02:22.575" endtime="20240717 21:02:22.991"/>
</kw>
<status status="PASS" starttime="20240717 21:02:21.853" endtime="20240717 21:02:22.991"/>
</kw>
<kw name="Element Should Be Visible" library="SeleniumLibrary">
<arg>${PASSWORD WARNING}</arg>
<doc>Verifies that the element identified by ``locator`` is visible.</doc>
<msg timestamp="20240717 21:02:23.033" level="INFO">Element 'xpath://*[@id="create-account-form"]/div[4]/div[contains(text(), 'รหัสผ่านต้องมีอย่างน้อย 8 ตัวอักษร')]' is displayed.</msg>
<status status="PASS" starttime="20240717 21:02:22.993" endtime="20240717 21:02:23.033"/>
</kw>
<kw name="Element Should Be Visible" library="SeleniumLibrary">
<arg>${FAILED TOAST MSG}</arg>
<doc>Verifies that the element identified by ``locator`` is visible.</doc>
<msg timestamp="20240717 21:02:23.077" level="INFO">Element 'xpath://*[@id="toast"]/div[contains(text(), 'ไม่สามารถสร้างบัญชีได้ กรุณากรอกข้อมูลให้ถูกต้อง')]' is displayed.</msg>
<status status="PASS" starttime="20240717 21:02:23.034" endtime="20240717 21:02:23.077"/>
</kw>
<kw name="Close Browser" library="SeleniumLibrary" type="TEARDOWN">
<doc>Closes the current browser.</doc>
<status status="PASS" starttime="20240717 21:02:23.078" endtime="20240717 21:02:25.275"/>
</kw>
<status status="PASS" starttime="20240717 21:02:20.328" endtime="20240717 21:02:25.276"/>
</test>
<test id="s1-t12" name="CREATE_ACCOUNT_12: User create account with password length 8 characters should success (=8)" line="87">
<kw name="Open Browser" library="SeleniumLibrary" type="SETUP">
<arg>${URL}</arg>
<arg>chrome</arg>
<doc>Opens a new browser instance to the optional ``url``.</doc>
<msg timestamp="20240717 21:02:25.283" level="INFO">Opening browser 'chrome' to base url 'D:MyPractice\simple-testcase\create-account.html'.</msg>
<status status="PASS" starttime="20240717 21:02:25.282" endtime="20240717 21:02:26.835"/>
</kw>
<kw name="Fill data to form and click button &quot;Create Account&quot;">
<arg>ppim1</arg>
<arg>nc</arg>
<arg>mk</arg>
<arg>12345678</arg>
<arg>12345678</arg>
<kw name="Input Text" library="SeleniumLibrary">
<arg>${INPUT USERNAME}</arg>
<arg>${USERNAME}</arg>
<doc>Types the given ``text`` into the text field identified by ``locator``.</doc>
<msg timestamp="20240717 21:02:26.838" level="INFO">Typing text 'ppim1' into text field 'xpath://*[@id="username"]'.</msg>
<status status="PASS" starttime="20240717 21:02:26.837" endtime="20240717 21:02:27.019"/>
</kw>
<kw name="Input Text" library="SeleniumLibrary">
<arg>${INPUT FIRSTNAME}</arg>
<arg>${FIRST NAME}</arg>
<doc>Types the given ``text`` into the text field identified by ``locator``.</doc>
<msg timestamp="20240717 21:02:27.020" level="INFO">Typing text 'nc' into text field 'xpath://*[@id="firstname"]'.</msg>
<status status="PASS" starttime="20240717 21:02:27.019" endtime="20240717 21:02:27.146"/>
</kw>
<kw name="Input Text" library="SeleniumLibrary">
<arg>${INPUT LASTNAME}</arg>
<arg>${LAST NAME}</arg>
<doc>Types the given ``text`` into the text field identified by ``locator``.</doc>
<msg timestamp="20240717 21:02:27.147" level="INFO">Typing text 'mk' into text field 'xpath://*[@id="lastname"]'.</msg>
<status status="PASS" starttime="20240717 21:02:27.146" endtime="20240717 21:02:27.290"/>
</kw>
<kw name="Input Password" library="SeleniumLibrary">
<arg>${INPUT PASSWORD}</arg>
<arg>${PASSWORD}</arg>
<doc>Types the given password into the text field identified by ``locator``.</doc>
<msg timestamp="20240717 21:02:27.293" level="INFO">Typing password into text field 'xpath://*[@id="password"]'.</msg>
<msg timestamp="20240717 21:02:27.359" level="INFO">Temporally setting log level to: NONE</msg>
<msg timestamp="20240717 21:02:27.466" level="INFO">Log level changed from NONE to INFO.</msg>
<status status="PASS" starttime="20240717 21:02:27.291" endtime="20240717 21:02:27.466"/>
</kw>
<kw name="Input Password" library="SeleniumLibrary">
<arg>${INPUT CONFIRM PASSWORD}</arg>
<arg>${CONFIRM PASSWORD}</arg>
<doc>Types the given password into the text field identified by ``locator``.</doc>
<msg timestamp="20240717 21:02:27.467" level="INFO">Typing password into text field 'xpath://*[@id="confirmPassword"]'.</msg>
<msg timestamp="20240717 21:02:27.555" level="INFO">Temporally setting log level to: NONE</msg>
<msg timestamp="20240717 21:02:27.651" level="INFO">Log level changed from NONE to INFO.</msg>
<status status="PASS" starttime="20240717 21:02:27.466" endtime="20240717 21:02:27.651"/>
</kw>
<kw name="Press Keys" library="SeleniumLibrary">
<arg>${CREATE ACCOUNT BTN}</arg>
<arg>Return</arg>
<doc>Simulates the user pressing key(s) to an element or on the active browser.</doc>
<msg timestamp="20240717 21:02:27.652" level="INFO">Sending key(s) ('Return',) to xpath://*[@id="create-account-form"]/input element.</msg>
<msg timestamp="20240717 21:02:28.009" level="INFO">Sending keys Return</msg>
<status status="PASS" starttime="20240717 21:02:27.651" endtime="20240717 21:02:28.051"/>
</kw>
<status status="PASS" starttime="20240717 21:02:26.836" endtime="20240717 21:02:28.051"/>
</kw>
<kw name="Element Should Be Visible" library="SeleniumLibrary">
<arg>${SUCCESS TOAST MSG}</arg>
<doc>Verifies that the element identified by ``locator`` is visible.</doc>
<msg timestamp="20240717 21:02:28.098" level="INFO">Element 'xpath://*[@id="toast"]/div[contains(text(), 'สร้างบัญชีสำเร็จ')]' is displayed.</msg>
<status status="PASS" starttime="20240717 21:02:28.053" endtime="20240717 21:02:28.098"/>
</kw>
<kw name="Close Browser" library="SeleniumLibrary" type="TEARDOWN">
<doc>Closes the current browser.</doc>
<status status="PASS" starttime="20240717 21:02:28.099" endtime="20240717 21:02:30.279"/>
</kw>
<status status="PASS" starttime="20240717 21:02:25.279" endtime="20240717 21:02:30.280"/>
</test>
<test id="s1-t13" name="CREATE_ACCOUNT_13: User create account with password length 9 characters should success (&gt;8)" line="91">
<kw name="Open Browser" library="SeleniumLibrary" type="SETUP">
<arg>${URL}</arg>
<arg>chrome</arg>
<doc>Opens a new browser instance to the optional ``url``.</doc>
<msg timestamp="20240717 21:02:30.285" level="INFO">Opening browser 'chrome' to base url 'D:MyPractice\simple-testcase\create-account.html'.</msg>
<status status="PASS" starttime="20240717 21:02:30.284" endtime="20240717 21:02:31.808"/>
</kw>
<kw name="Fill data to form and click button &quot;Create Account&quot;">
<arg>ppim2</arg>
<arg>nc</arg>
<arg>mk</arg>
<arg>123456789</arg>
<arg>123456789</arg>
<kw name="Input Text" library="SeleniumLibrary">
<arg>${INPUT USERNAME}</arg>
<arg>${USERNAME}</arg>
<doc>Types the given ``text`` into the text field identified by ``locator``.</doc>
<msg timestamp="20240717 21:02:31.814" level="INFO">Typing text 'ppim2' into text field 'xpath://*[@id="username"]'.</msg>
<status status="PASS" starttime="20240717 21:02:31.813" endtime="20240717 21:02:31.990"/>
</kw>
<kw name="Input Text" library="SeleniumLibrary">
<arg>${INPUT FIRSTNAME}</arg>
<arg>${FIRST NAME}</arg>
<doc>Types the given ``text`` into the text field identified by ``locator``.</doc>
<msg timestamp="20240717 21:02:31.991" level="INFO">Typing text 'nc' into text field 'xpath://*[@id="firstname"]'.</msg>
<status status="PASS" starttime="20240717 21:02:31.990" endtime="20240717 21:02:32.117"/>
</kw>
<kw name="Input Text" library="SeleniumLibrary">
<arg>${INPUT LASTNAME}</arg>
<arg>${LAST NAME}</arg>
<doc>Types the given ``text`` into the text field identified by ``locator``.</doc>
<msg timestamp="20240717 21:02:32.118" level="INFO">Typing text 'mk' into text field 'xpath://*[@id="lastname"]'.</msg>
<status status="PASS" starttime="20240717 21:02:32.117" endtime="20240717 21:02:32.251"/>
</kw>
<kw name="Input Password" library="SeleniumLibrary">
<arg>${INPUT PASSWORD}</arg>
<arg>${PASSWORD}</arg>
<doc>Types the given password into the text field identified by ``locator``.</doc>
<msg timestamp="20240717 21:02:32.251" level="INFO">Typing password into text field 'xpath://*[@id="password"]'.</msg>
<msg timestamp="20240717 21:02:32.307" level="INFO">Temporally setting log level to: NONE</msg>
<msg timestamp="20240717 21:02:32.391" level="INFO">Log level changed from NONE to INFO.</msg>
<status status="PASS" starttime="20240717 21:02:32.251" endtime="20240717 21:02:32.391"/>
</kw>
<kw name="Input Password" library="SeleniumLibrary">
<arg>${INPUT CONFIRM PASSWORD}</arg>
<arg>${CONFIRM PASSWORD}</arg>
<doc>Types the given password into the text field identified by ``locator``.</doc>
<msg timestamp="20240717 21:02:32.392" level="INFO">Typing password into text field 'xpath://*[@id="confirmPassword"]'.</msg>
<msg timestamp="20240717 21:02:32.452" level="INFO">Temporally setting log level to: NONE</msg>
<msg timestamp="20240717 21:02:32.534" level="INFO">Log level changed from NONE to INFO.</msg>
<status status="PASS" starttime="20240717 21:02:32.391" endtime="20240717 21:02:32.534"/>
</kw>
<kw name="Press Keys" library="SeleniumLibrary">
<arg>${CREATE ACCOUNT BTN}</arg>
<arg>Return</arg>
<doc>Simulates the user pressing key(s) to an element or on the active browser.</doc>
<msg timestamp="20240717 21:02:32.535" level="INFO">Sending key(s) ('Return',) to xpath://*[@id="create-account-form"]/input element.</msg>
<msg timestamp="20240717 21:02:32.897" level="INFO">Sending keys Return</msg>
<status status="PASS" starttime="20240717 21:02:32.534" endtime="20240717 21:02:32.956"/>
</kw>
<status status="PASS" starttime="20240717 21:02:31.812" endtime="20240717 21:02:32.956"/>
</kw>
<kw name="Element Should Be Visible" library="SeleniumLibrary">
<arg>${SUCCESS TOAST MSG}</arg>
<doc>Verifies that the element identified by ``locator`` is visible.</doc>
<msg timestamp="20240717 21:02:33.054" level="INFO">Element 'xpath://*[@id="toast"]/div[contains(text(), 'สร้างบัญชีสำเร็จ')]' is displayed.</msg>
<status status="PASS" starttime="20240717 21:02:32.957" endtime="20240717 21:02:33.054"/>
</kw>
<kw name="Close Browser" library="SeleniumLibrary" type="TEARDOWN">
<doc>Closes the current browser.</doc>
<status status="PASS" starttime="20240717 21:02:33.056" endtime="20240717 21:02:35.278"/>
</kw>
<status status="PASS" starttime="20240717 21:02:30.283" endtime="20240717 21:02:35.279"/>
</test>
<test id="s1-t14" name="CREATE_ACCOUNT_14: User create account with mismatched password and confirm password should failed" line="95">
<kw name="Open Browser" library="SeleniumLibrary" type="SETUP">
<arg>${URL}</arg>
<arg>chrome</arg>
<doc>Opens a new browser instance to the optional ``url``.</doc>
<msg timestamp="20240717 21:02:35.283" level="INFO">Opening browser 'chrome' to base url 'D:MyPractice\simple-testcase\create-account.html'.</msg>
<status status="PASS" starttime="20240717 21:02:35.282" endtime="20240717 21:02:36.840"/>
</kw>
<kw name="Fill data to form and click button &quot;Create Account&quot;">
<arg>ppim3</arg>
<arg>nc</arg>
<arg>mk</arg>
<arg>12345678</arg>
<arg>12345678910</arg>
<kw name="Input Text" library="SeleniumLibrary">
<arg>${INPUT USERNAME}</arg>
<arg>${USERNAME}</arg>
<doc>Types the given ``text`` into the text field identified by ``locator``.</doc>
<msg timestamp="20240717 21:02:36.843" level="INFO">Typing text 'ppim3' into text field 'xpath://*[@id="username"]'.</msg>
<status status="PASS" starttime="20240717 21:02:36.842" endtime="20240717 21:02:37.028"/>
</kw>
<kw name="Input Text" library="SeleniumLibrary">
<arg>${INPUT FIRSTNAME}</arg>
<arg>${FIRST NAME}</arg>
<doc>Types the given ``text`` into the text field identified by ``locator``.</doc>
<msg timestamp="20240717 21:02:37.030" level="INFO">Typing text 'nc' into text field 'xpath://*[@id="firstname"]'.</msg>
<status status="PASS" starttime="20240717 21:02:37.029" endtime="20240717 21:02:37.153"/>
</kw>
<kw name="Input Text" library="SeleniumLibrary">
<arg>${INPUT LASTNAME}</arg>
<arg>${LAST NAME}</arg>
<doc>Types the given ``text`` into the text field identified by ``locator``.</doc>
<msg timestamp="20240717 21:02:37.154" level="INFO">Typing text 'mk' into text field 'xpath://*[@id="lastname"]'.</msg>
<status status="PASS" starttime="20240717 21:02:37.154" endtime="20240717 21:02:37.285"/>
</kw>
<kw name="Input Password" library="SeleniumLibrary">
<arg>${INPUT PASSWORD}</arg>
<arg>${PASSWORD}</arg>
<doc>Types the given password into the text field identified by ``locator``.</doc>
<msg timestamp="20240717 21:02:37.286" level="INFO">Typing password into text field 'xpath://*[@id="password"]'.</msg>
<msg timestamp="20240717 21:02:37.344" level="INFO">Temporally setting log level to: NONE</msg>
<msg timestamp="20240717 21:02:37.422" level="INFO">Log level changed from NONE to INFO.</msg>
<status status="PASS" starttime="20240717 21:02:37.285" endtime="20240717 21:02:37.422"/>
</kw>
<kw name="Input Password" library="SeleniumLibrary">
<arg>${INPUT CONFIRM PASSWORD}</arg>
<arg>${CONFIRM PASSWORD}</arg>
<doc>Types the given password into the text field identified by ``locator``.</doc>
<msg timestamp="20240717 21:02:37.422" level="INFO">Typing password into text field 'xpath://*[@id="confirmPassword"]'.</msg>
<msg timestamp="20240717 21:02:37.484" level="INFO">Temporally setting log level to: NONE</msg>
<msg timestamp="20240717 21:02:37.570" level="INFO">Log level changed from NONE to INFO.</msg>
<status status="PASS" starttime="20240717 21:02:37.422" endtime="20240717 21:02:37.570"/>
</kw>
<kw name="Press Keys" library="SeleniumLibrary">
<arg>${CREATE ACCOUNT BTN}</arg>
<arg>Return</arg>
<doc>Simulates the user pressing key(s) to an element or on the active browser.</doc>
<msg timestamp="20240717 21:02:37.571" level="INFO">Sending key(s) ('Return',) to xpath://*[@id="create-account-form"]/input element.</msg>
<msg timestamp="20240717 21:02:38.028" level="INFO">Sending keys Return</msg>
<status status="PASS" starttime="20240717 21:02:37.570" endtime="20240717 21:02:38.057"/>
</kw>
<status status="PASS" starttime="20240717 21:02:36.841" endtime="20240717 21:02:38.058"/>
</kw>
<kw name="Element Should Be Visible" library="SeleniumLibrary">
<arg>${PASSWORD MISMATCHED MSG}</arg>
<doc>Verifies that the element identified by ``locator`` is visible.</doc>
<msg timestamp="20240717 21:02:38.165" level="INFO">Element 'xpath://*[@id="create-account-form"]/div[5]/div[contains(text(), 'รหัสผ่านไม่ตรงกัน')]' is displayed.</msg>
<status status="PASS" starttime="20240717 21:02:38.060" endtime="20240717 21:02:38.165"/>
</kw>
<kw name="Element Should Be Visible" library="SeleniumLibrary">
<arg>${FAILED TOAST MSG}</arg>
<doc>Verifies that the element identified by ``locator`` is visible.</doc>
<msg timestamp="20240717 21:02:38.201" level="INFO">Element 'xpath://*[@id="toast"]/div[contains(text(), 'ไม่สามารถสร้างบัญชีได้ กรุณากรอกข้อมูลให้ถูกต้อง')]' is displayed.</msg>
<status status="PASS" starttime="20240717 21:02:38.167" endtime="20240717 21:02:38.201"/>
</kw>
<kw name="Close Browser" library="SeleniumLibrary" type="TEARDOWN">
<doc>Closes the current browser.</doc>
<status status="PASS" starttime="20240717 21:02:38.202" endtime="20240717 21:02:40.410"/>
</kw>
<status status="PASS" starttime="20240717 21:02:35.281" endtime="20240717 21:02:40.412"/>
</test>
<status status="PASS" starttime="20240717 21:01:30.131" endtime="20240717 21:02:40.415"/>
</suite>
<statistics>
<total>
<stat pass="14" fail="0" skip="0">All Tests</stat>
</total>
<tag>
</tag>
<suite>
<stat pass="14" fail="0" skip="0" id="s1" name="Create-Account">Create-Account</stat>
</suite>
</statistics>
<errors>
</errors>
</robot>
